[17:52:59.317] Global cache location '/home/psq/.cache/typescript/4.5', safe file path '/home/psq/.nvm/versions/node/v16.13.0/lib/node_modules/typescript/lib/typingSafeList.json', types map path /home/psq/.nvm/versions/node/v16.13.0/lib/node_modules/typescript/lib/typesMap.json
[17:52:59.319] Processing cache location '/home/psq/.cache/typescript/4.5'
[17:52:59.319] Trying to find '/home/psq/.cache/typescript/4.5/package.json'...
[17:52:59.333] Loaded content of '/home/psq/.cache/typescript/4.5/package.json': {"private":true,"dependencies":{"types-registry":"^0.1.647"},"devDependencies":{"@types/abbrev":"^1.1.2","@types/accepts":"^1.3.5","@types/agent-base":"^4.2.2","@types/angular":"^1.8.4","@types/are-we-there-yet":"^1.1.0","@types/argparse":"^2.0.10","@types/aria-query":"^5.0.1","@types/async":"^3.2.18","@types/atob":"^2.1.2","@types/balanced-match":"^1.0.2","@types/base64id":"^2.0.0","@types/basic-auth":"^1.1.3","@types/big.js":"^6.1.6","@types/bl":"^5.0.2","@types/body-parser":"^1.19.2","@types/bonjour":"^3.5.10","@types/boolbase":"^1.0.1","@types/brace-expansion":"^1.1.0","@types/braces":"^3.0.1","@types/browser-sync":"^2.27.0","@types/btoa":"^1.2.3","@types/buffer-crc32":"^0.2.2","@types/buffer-from":"^1.1.0","@types/bytes":"^3.1.1","@types/cacache":"^15.0.1","@types/call-bind":"^1.0.2","@types/caniuse-lite":"^1.0.1","@types/chardet":"^0.8.1","@types/chownr":"^1.0.0","@types/circular-dependency-plugin":"^5.0.5","@types/cli-spinners":"^1.3.0","@types/clone":"^2.1.1","@types/clone-deep":"^4.0.1","@types/color-convert":"^2.0.0","@types/color-name":"^1.1.1","@types/color-support":"^1.1.1","@types/commondir":"^1.0.0","@types/component-emitter":"^1.2.11","@types/compressible":"^2.0.0","@types/compression":"^1.7.2","@types/concat-map":"^0.0.1","@types/connect":"^3.4.35","@types/connect-history-api-fallback":"^1.3.5","@types/content-disposition":"^0.5.5","@types/content-type":"^1.1.5","@types/convert-source-map":"^2.0.0","@types/cookie":"^0.5.1","@types/cookie-signature":"^1.1.0","@types/core-js":"^2.5.5","@types/cors":"^2.8.13","@types/cross-spawn":"^6.0.2","@types/css":"^0.0.33","@types/cssesc":"^3.0.0","@types/debug":"^4.1.7","@types/decode-uri-component":"^0.2.0","@types/decompress":"^4.2.4","@types/deep-equal":"^1.0.1","@types/default-gateway":"^3.0.1","@types/defaults":"^1.0.3","@types/define-properties":"^1.1.3","@types/delegates":"^1.0.0","@types/depd":"^1.1.32","@types/destroy":"^1.0.0","@types/detect-node":"^2.0.0","@types/dev-ip":"^1.0.0","@types/di":"^0.0.1","@types/dir-glob":"^2.0.1","@types/dlv":"^1.1.2","@types/dns-packet":"^5.2.4","@types/doctrine":"^0.0.5","@types/domhandler":"^2.4.2","@types/domutils":"^1.7.4","@types/ee-first":"^1.1.0","@types/ejs":"^3.1.2","@types/encodeurl":"^1.0.0","@types/end-of-stream":"^1.4.1","@types/engine.io":"^3.1.7","@types/ent":"^2.2.5","@types/escape-html":"^1.0.2","@types/eslint":"^8.37.0","@types/eslint-config-prettier":"^6.11.0","@types/eslint-plugin-prettier":"^3.1.0","@types/eslint-scope":"^3.7.4","@types/eslint-utils":"^3.0.2","@types/eslint-visitor-keys":"^1.0.0","@types/esprima":"^4.0.3","@types/esquery":"^1.0.2","@types/estraverse":"^5.1.2","@types/esutils":"^2.0.0","@types/etag":"^1.8.1","@types/events":"^3.0.0","@types/express":"^4.17.17","@types/extend":"^3.0.1","@types/eyes":"^0.1.32","@types/fancy-log":"^2.0.0","@types/fast-levenshtein":"^0.0.2","@types/fast-text-encoding":"^1.0.1","@types/file-entry-cache":"^5.0.2","@types/fill-range":"^7.0.0","@types/finalhandler":"^1.2.0","@types/find-cache-dir":"^3.2.1","@types/flat":"^5.0.2","@types/flat-cache":"^2.0.0","@types/follow-redirects":"^1.14.1","@types/forwarded":"^0.1.0","@types/fresh":"^0.5.0","@types/fs-extra":"^11.0.1","@types/fs-minipass":"^2.1.0","@types/function-bind":"^1.1.7","@types/functional-red-black-tree":"^1.0.2","@types/gauge":"^5.0.0","@types/gensync":"^1.0.0","@types/get-intrinsic":"^1.2.0","@types/glob":"^8.1.0","@types/glob-parent":"^5.1.1","@types/glob-to-regexp":"^0.4.1","@types/global-modules":"^2.0.0","@types/global-prefix":"^3.0.0","@types/globjoin":"^0.1.0","@types/graceful-fs":"^4.1.6","@types/has":"^1.0.0","@types/has-symbols":"^1.0.0","@types/he":"^1.2.0","@types/hosted-git-info":"^3.0.2","@types/html-encoding-sniffer":"^3.0.0","@types/html-escaper":"^3.0.0","@types/http-cache-semantics":"^4.0.1","@types/http-errors":"^2.0.1","@types/http-proxy":"^1.17.10","@types/http-server":"^0.12.1","@types/humanize-ms":"^1.2.2","@types/icss-utils":"^5.1.0","@types/ignore-walk":"^4.0.0","@types/imurmurhash":"^0.1.1","@types/inherits":"^0.0.30","@types/ini":"^1.3.31","@types/inquirer":"^9.0.3","@types/ip":"^1.1.0","@types/is-arguments":"^1.0.0","@types/is-core-module":"^2.2.0","@types/is-date-object":"^1.0.2","@types/is-glob":"^4.0.2","@types/is-lambda":"^1.0.0","@types/is-natural-number":"^4.0.1","@types/is-number":"^7.0.3","@types/is-number-like":"^1.0.0","@types/is-regex":"^1.0.0","@types/is-typedarray":"^1.0.0","@types/isarray":"^2.0.0","@types/isexe":"^2.0.1","@types/isstream":"^0.1.0","@types/istanbul-lib-coverage":"^2.0.4","@types/istanbul-lib-instrument":"^1.7.4","@types/istanbul-lib-report":"^3.0.0","@types/istanbul-lib-source-maps":"^4.0.1","@types/istanbul-reports":"^3.0.1","@types/jake":"^0.0.33","@types/js-cookie":"^3.0.3","@types/js-yaml":"^4.0.5","@types/jsesc":"^3.0.1","@types/json-parse-better-errors":"^1.0.0","@types/json-stable-stringify-without-jsonify":"^1.0.0","@types/jsonfile":"^6.1.1","@types/karma":"^6.3.3","@types/karma-chrome-launcher":"^3.1.1","@types/karma-coverage":"^2.0.1","@types/karma-jasmine":"^4.0.2","@types/karma-jasmine-html-reporter":"^1.7.0","@types/karma-junit-reporter":"^2.0.1","@types/kind-of":"^6.0.0","@types/less":"^3.0.3","@types/loader-runner":"^2.2.4","@types/loader-utils":"^2.0.3","@types/localtunnel":"^2.0.1","@types/lodash":"^4.14.194","@types/lodash.debounce":"^4.0.7","@types/lodash.isfinite":"^3.3.7","@types/lodash.kebabcase":"^4.1.7","@types/lodash.merge":"^4.6.7","@types/lodash.truncate":"^4.4.7","@types/lru-cache":"^5.1.1","@types/make-fetch-happen":"^10.0.1","@types/media-typer":"^1.1.1","@types/merge-descriptors":"^1.0.1","@types/merge-stream":"^1.1.2","@types/merge2":"^1.4.0","@types/methods":"^1.1.1","@types/micromatch":"^4.0.2","@types/mime":"^3.0.1","@types/mime-db":"^1.43.1","@types/mime-types":"^2.1.1","@types/min-indent":"^1.0.0","@types/minimalistic-assert":"^1.0.1","@types/minimatch":"^3.0.5","@types/minimist":"^1.2.2","@types/minipass":"^3.1.2","@types/minizlib":"^2.1.4","@types/mkdirp":"^1.0.2","@types/moo":"^0.5.5","@types/ms":"^0.7.31","@types/multicast-dns":"^7.2.1","@types/mute-stream":"^0.0.1","@types/natural-compare":"^1.4.1","@types/needle":"^3.2.0","@types/negotiator":"^0.6.1","@types/neo-async":"^2.6.0","@types/node-fetch":"^2.6.3","@types/node-forge":"^1.3.2","@types/nopt":"^3.0.29","@types/normalize-package-data":"^2.4.1","@types/normalize-path":"^3.0.0","@types/npm-package-arg":"^6.1.1","@types/npm-packlist":"^7.0.0","@types/npm-registry-fetch":"^8.0.4","@types/npmlog":"^4.1.4","@types/object-assign":"^4.0.30","@types/object-inspect":"^1.8.1","@types/object-keys":"^1.0.1","@types/on-finished":"^2.3.1","@types/on-headers":"^1.0.0","@types/once":"^1.4.0","@types/opener":"^1.4.0","@types/openurl":"^1.0.0","@types/os-tmpdir":"^1.0.0","@types/pacote":"^11.1.5","@types/pako":"^2.0.0","@types/parse-json":"^4.0.0","@types/parse-node-version":"^1.0.0","@types/parse5":"^6.0.3","@types/parse5-html-rewriting-stream":"^5.1.2","@types/parse5-htmlparser2-tree-adapter":"^6.0.1","@types/parse5-sax-parser":"^5.0.2","@types/parseurl":"^1.3.1","@types/path-is-absolute":"^1.0.0","@types/path-parse":"^1.0.19","@types/picomatch":"^2.3.0","@types/pify":"^5.0.1","@types/portscanner":"^2.1.1","@types/postcss-gap-properties":"^2.0.1","@types/postcss-import":"^14.0.0","@types/postcss-media-query-parser":"^0.2.0","@types/postcss-modules-extract-imports":"^3.0.2","@types/postcss-modules-local-by-default":"^4.0.0","@types/postcss-modules-scope":"^3.0.1","@types/postcss-modules-values":"^4.0.0","@types/postcss-preset-env":"^7.7.0","@types/postcss-resolve-nested-selector":"^0.1.0","@types/postcss-safe-parser":"^5.0.1","@types/prelude-ls":"^1.1.29","@types/prettier":"^2.7.2","@types/prettier-linter-helpers":"^1.0.1","@types/proc-log":"^3.0.1","@types/progress":"^2.0.5","@types/promise-inflight":"^1.0.0","@types/promise-retry":"^1.1.3","@types/prompt":"^1.1.2","@types/proxy":"^1.0.1","@types/proxy-addr":"^2.0.0","@types/punycode":"^2.1.0","@types/q":"^1.5.5","@types/qs":"^6.9.7","@types/randombytes":"^2.0.0","@types/range-parser":"^1.2.4","@types/read":"^0.0.29","@types/readable-stream":"^2.3.15","@types/regenerate":"^1.4.1","@types/regenerator-runtime":"^0.13.1","@types/require-directory":"^2.1.2","@types/require-from-string":"^1.2.1","@types/requires-port":"^1.0.0","@types/resolve":"^1.20.2","@types/retry":"^0.12.2","@types/revalidator":"^0.3.8","@types/rimraf":"^3.0.2","@types/run-parallel":"^1.1.0","@types/rx":"^4.1.2","@types/safe-regex":"^1.1.4","@types/safer-buffer":"^2.1.0","@types/sass-loader":"^8.0.4","@types/sax":"^1.2.4","@types/selfsigned":"^2.0.1","@types/semver":"^7.3.13","@types/send":"^0.17.1","@types/serialize-javascript":"^5.0.2","@types/serve-index":"^1.9.1","@types/serve-static":"^1.15.1","@types/server-destroy":"^1.0.1","@types/set-blocking":"^2.0.0","@types/shebang-command":"^1.2.0","@types/signal-exit":"^3.0.1","@types/slice-ansi":"^5.0.0","@types/sockjs":"^0.3.33","@types/source-map-support":"^0.5.6","@types/spdx-correct":"^3.1.0","@types/spdx-expression-parse":"^3.0.2","@types/spdy":"^3.4.5","@types/sprintf":"^0.1.0","@types/sprintf-js":"^1.1.2","@types/ssri":"^7.1.1","@types/stack-trace":"^0.0.29","@types/statuses":"^2.0.0","@types/stream-throttle":"^0.1.1","@types/strip-final-newline":"^3.0.0","@types/style-search":"^0.1.3","@types/stylus":"^0.48.38","@types/supports-color":"^8.1.1","@types/svg-tags":"^1.0.0","@types/tar":"^6.1.4","@types/tar-stream":"^2.2.2","@types/text-encoding":"^0.0.36","@types/text-table":"^0.2.2","@types/through":"^0.0.30","@types/thunky":"^1.1.0","@types/tmp":"^0.2.3","@types/to-regex-range":"^5.0.0","@types/toidentifier":"^1.0.0","@types/tr46":"^3.0.0","@types/type-check":"^0.3.27","@types/type-is":"^1.6.3","@types/typedarray-to-buffer":"^4.0.0","@types/ua-parser-js":"^0.7.36","@types/uglify-js":"^3.17.1","@types/unbzip2-stream":"^1.4.0","@types/underscore":"^1.11.4","@types/universalify":"^1.0.0","@types/url-join":"^4.0.1","@types/util-deprecate":"^1.0.0","@types/utils-merge":"^0.0.28","@types/uuid":"^9.0.1","@types/validate-npm-package-license":"^3.0.1","@types/validate-npm-package-name":"^4.0.0","@types/vary":"^1.1.0","@types/void-elements":"^3.1.0","@types/watchpack":"^2.4.1","@types/wcwidth":"^1.0.0","@types/webidl-conversions":"^7.0.0","@types/webpack-sources":"^3.2.0","@types/whatwg-encoding":"^2.0.0","@types/whatwg-url":"^11.0.0","@types/which":"^3.0.0","@types/wordwrap":"^1.0.1","@types/wrap-ansi":"^8.0.1","@types/write-file-atomic":"^4.0.0","@types/ws":"^8.5.4","@types/xtend":"^4.0.4","@types/yallist":"^4.0.1","@types/yargs":"^17.0.24","@types/yargs-parser":"^21.0.0","@types/yauzl":"^2.10.0"}}
[17:52:59.333] Loaded content of '/home/psq/.cache/typescript/4.5/package-lock.json'
[17:52:59.354] Adding entry into typings cache: 'abbrev' => '/home/psq/.cache/typescript/4.5/node_modules/@types/abbrev/index.d.ts'
[17:52:59.359] Adding entry into typings cache: 'accepts' => '/home/psq/.cache/typescript/4.5/node_modules/@types/accepts/index.d.ts'
[17:52:59.361] Adding entry into typings cache: 'agent-base' => '/home/psq/.cache/typescript/4.5/node_modules/@types/agent-base/index.d.ts'
[17:52:59.364] Adding entry into typings cache: 'angular' => '/home/psq/.cache/typescript/4.5/node_modules/@types/angular/index.d.ts'
[17:52:59.367] Adding entry into typings cache: 'are-we-there-yet' => '/home/psq/.cache/typescript/4.5/node_modules/@types/are-we-there-yet/index.d.ts'
[17:52:59.370] Adding entry into typings cache: 'argparse' => '/home/psq/.cache/typescript/4.5/node_modules/@types/argparse/index.d.ts'
[17:52:59.372] Adding entry into typings cache: 'aria-query' => '/home/psq/.cache/typescript/4.5/node_modules/@types/aria-query/index.d.ts'
[17:52:59.377] Adding entry into typings cache: 'async' => '/home/psq/.cache/typescript/4.5/node_modules/@types/async/index.d.ts'
[17:52:59.380] Adding entry into typings cache: 'atob' => '/home/psq/.cache/typescript/4.5/node_modules/@types/atob/index.d.ts'
[17:52:59.386] Adding entry into typings cache: 'balanced-match' => '/home/psq/.cache/typescript/4.5/node_modules/@types/balanced-match/index.d.ts'
[17:52:59.389] Adding entry into typings cache: 'base64id' => '/home/psq/.cache/typescript/4.5/node_modules/@types/base64id/index.d.ts'
[17:52:59.391] Adding entry into typings cache: 'basic-auth' => '/home/psq/.cache/typescript/4.5/node_modules/@types/basic-auth/index.d.ts'
[17:52:59.394] Adding entry into typings cache: 'big.js' => '/home/psq/.cache/typescript/4.5/node_modules/@types/big.js/index.d.ts'
[17:52:59.396] Adding entry into typings cache: 'bl' => '/home/psq/.cache/typescript/4.5/node_modules/@types/bl/index.d.ts'
[17:52:59.399] Adding entry into typings cache: 'body-parser' => '/home/psq/.cache/typescript/4.5/node_modules/@types/body-parser/index.d.ts'
[17:52:59.401] Adding entry into typings cache: 'bonjour' => '/home/psq/.cache/typescript/4.5/node_modules/@types/bonjour/index.d.ts'
[17:52:59.405] Adding entry into typings cache: 'boolbase' => '/home/psq/.cache/typescript/4.5/node_modules/@types/boolbase/index.d.ts'
[17:52:59.406] Adding entry into typings cache: 'brace-expansion' => '/home/psq/.cache/typescript/4.5/node_modules/@types/brace-expansion/index.d.ts'
[17:52:59.411] Adding entry into typings cache: 'braces' => '/home/psq/.cache/typescript/4.5/node_modules/@types/braces/index.d.ts'
[17:52:59.415] Adding entry into typings cache: 'browser-sync' => '/home/psq/.cache/typescript/4.5/node_modules/@types/browser-sync/index.d.ts'
[17:52:59.417] Adding entry into typings cache: 'btoa' => '/home/psq/.cache/typescript/4.5/node_modules/@types/btoa/index.d.ts'
[17:52:59.418] Adding entry into typings cache: 'buffer-crc32' => '/home/psq/.cache/typescript/4.5/node_modules/@types/buffer-crc32/index.d.ts'
[17:52:59.420] Adding entry into typings cache: 'buffer-from' => '/home/psq/.cache/typescript/4.5/node_modules/@types/buffer-from/index.d.ts'
[17:52:59.421] Adding entry into typings cache: 'bytes' => '/home/psq/.cache/typescript/4.5/node_modules/@types/bytes/index.d.ts'
[17:52:59.422] Adding entry into typings cache: 'cacache' => '/home/psq/.cache/typescript/4.5/node_modules/@types/cacache/index.d.ts'
[17:52:59.424] Adding entry into typings cache: 'call-bind' => '/home/psq/.cache/typescript/4.5/node_modules/@types/call-bind/index.d.ts'
[17:52:59.427] Adding entry into typings cache: 'caniuse-lite' => '/home/psq/.cache/typescript/4.5/node_modules/@types/caniuse-lite/index.d.ts'
[17:52:59.428] Adding entry into typings cache: 'chardet' => '/home/psq/.cache/typescript/4.5/node_modules/@types/chardet/index.d.ts'
[17:52:59.429] Adding entry into typings cache: 'chownr' => '/home/psq/.cache/typescript/4.5/node_modules/@types/chownr/index.d.ts'
[17:52:59.430] Adding entry into typings cache: 'circular-dependency-plugin' => '/home/psq/.cache/typescript/4.5/node_modules/@types/circular-dependency-plugin/index.d.ts'
[17:52:59.431] Adding entry into typings cache: 'cli-spinners' => '/home/psq/.cache/typescript/4.5/node_modules/@types/cli-spinners/index.d.ts'
[17:52:59.432] Adding entry into typings cache: 'clone' => '/home/psq/.cache/typescript/4.5/node_modules/@types/clone/index.d.ts'
[17:52:59.433] Adding entry into typings cache: 'clone-deep' => '/home/psq/.cache/typescript/4.5/node_modules/@types/clone-deep/index.d.ts'
[17:52:59.434] Adding entry into typings cache: 'color-convert' => '/home/psq/.cache/typescript/4.5/node_modules/@types/color-convert/index.d.ts'
[17:52:59.435] Adding entry into typings cache: 'color-name' => '/home/psq/.cache/typescript/4.5/node_modules/@types/color-name/index.d.ts'
[17:52:59.436] Adding entry into typings cache: 'color-support' => '/home/psq/.cache/typescript/4.5/node_modules/@types/color-support/index.d.ts'
[17:52:59.437] Adding entry into typings cache: 'commondir' => '/home/psq/.cache/typescript/4.5/node_modules/@types/commondir/index.d.ts'
[17:52:59.438] Adding entry into typings cache: 'component-emitter' => '/home/psq/.cache/typescript/4.5/node_modules/@types/component-emitter/index.d.ts'
[17:52:59.439] Adding entry into typings cache: 'compressible' => '/home/psq/.cache/typescript/4.5/node_modules/@types/compressible/index.d.ts'
[17:52:59.440] Adding entry into typings cache: 'compression' => '/home/psq/.cache/typescript/4.5/node_modules/@types/compression/index.d.ts'
[17:52:59.441] Adding entry into typings cache: 'concat-map' => '/home/psq/.cache/typescript/4.5/node_modules/@types/concat-map/index.d.ts'
[17:52:59.441] Adding entry into typings cache: 'connect' => '/home/psq/.cache/typescript/4.5/node_modules/@types/connect/index.d.ts'
[17:52:59.442] Adding entry into typings cache: 'connect-history-api-fallback' => '/home/psq/.cache/typescript/4.5/node_modules/@types/connect-history-api-fallback/index.d.ts'
[17:52:59.443] Adding entry into typings cache: 'content-disposition' => '/home/psq/.cache/typescript/4.5/node_modules/@types/content-disposition/index.d.ts'
[17:52:59.444] Adding entry into typings cache: 'content-type' => '/home/psq/.cache/typescript/4.5/node_modules/@types/content-type/index.d.ts'
[17:52:59.445] Adding entry into typings cache: 'convert-source-map' => '/home/psq/.cache/typescript/4.5/node_modules/@types/convert-source-map/index.d.ts'
[17:52:59.446] Adding entry into typings cache: 'cookie' => '/home/psq/.cache/typescript/4.5/node_modules/@types/cookie/index.d.ts'
[17:52:59.447] Adding entry into typings cache: 'cookie-signature' => '/home/psq/.cache/typescript/4.5/node_modules/@types/cookie-signature/index.d.ts'
[17:52:59.448] Adding entry into typings cache: 'core-js' => '/home/psq/.cache/typescript/4.5/node_modules/@types/core-js/index.d.ts'
[17:52:59.449] Adding entry into typings cache: 'cors' => '/home/psq/.cache/typescript/4.5/node_modules/@types/cors/index.d.ts'
[17:52:59.450] Adding entry into typings cache: 'cross-spawn' => '/home/psq/.cache/typescript/4.5/node_modules/@types/cross-spawn/index.d.ts'
[17:52:59.451] Adding entry into typings cache: 'css' => '/home/psq/.cache/typescript/4.5/node_modules/@types/css/index.d.ts'
[17:52:59.452] Adding entry into typings cache: 'cssesc' => '/home/psq/.cache/typescript/4.5/node_modules/@types/cssesc/index.d.ts'
[17:52:59.455] Adding entry into typings cache: 'debug' => '/home/psq/.cache/typescript/4.5/node_modules/@types/debug/index.d.ts'
[17:52:59.456] Adding entry into typings cache: 'decode-uri-component' => '/home/psq/.cache/typescript/4.5/node_modules/@types/decode-uri-component/index.d.ts'
[17:52:59.458] Adding entry into typings cache: 'decompress' => '/home/psq/.cache/typescript/4.5/node_modules/@types/decompress/index.d.ts'
[17:52:59.459] Adding entry into typings cache: 'deep-equal' => '/home/psq/.cache/typescript/4.5/node_modules/@types/deep-equal/index.d.ts'
[17:52:59.460] Adding entry into typings cache: 'default-gateway' => '/home/psq/.cache/typescript/4.5/node_modules/@types/default-gateway/index.d.ts'
[17:52:59.461] Adding entry into typings cache: 'defaults' => '/home/psq/.cache/typescript/4.5/node_modules/@types/defaults/index.d.ts'
[17:52:59.462] Adding entry into typings cache: 'define-properties' => '/home/psq/.cache/typescript/4.5/node_modules/@types/define-properties/index.d.ts'
[17:52:59.463] Adding entry into typings cache: 'delegates' => '/home/psq/.cache/typescript/4.5/node_modules/@types/delegates/index.d.ts'
[17:52:59.465] Adding entry into typings cache: 'depd' => '/home/psq/.cache/typescript/4.5/node_modules/@types/depd/index.d.ts'
[17:52:59.467] Adding entry into typings cache: 'destroy' => '/home/psq/.cache/typescript/4.5/node_modules/@types/destroy/index.d.ts'
[17:52:59.468] Adding entry into typings cache: 'detect-node' => '/home/psq/.cache/typescript/4.5/node_modules/@types/detect-node/index.d.ts'
[17:52:59.469] Adding entry into typings cache: 'dev-ip' => '/home/psq/.cache/typescript/4.5/node_modules/@types/dev-ip/index.d.ts'
[17:52:59.474] Adding entry into typings cache: 'di' => '/home/psq/.cache/typescript/4.5/node_modules/@types/di/index.d.ts'
[17:52:59.475] Adding entry into typings cache: 'dir-glob' => '/home/psq/.cache/typescript/4.5/node_modules/@types/dir-glob/index.d.ts'
[17:52:59.476] Adding entry into typings cache: 'dlv' => '/home/psq/.cache/typescript/4.5/node_modules/@types/dlv/index.d.ts'
[17:52:59.478] Adding entry into typings cache: 'dns-packet' => '/home/psq/.cache/typescript/4.5/node_modules/@types/dns-packet/index.d.ts'
[17:52:59.479] Adding entry into typings cache: 'doctrine' => '/home/psq/.cache/typescript/4.5/node_modules/@types/doctrine/index.d.ts'
[17:52:59.482] Adding entry into typings cache: 'domhandler' => '/home/psq/.cache/typescript/4.5/node_modules/@types/domhandler/index.d.ts'
[17:52:59.487] Adding entry into typings cache: 'domutils' => '/home/psq/.cache/typescript/4.5/node_modules/@types/domutils/index.d.ts'
[17:52:59.489] Adding entry into typings cache: 'ee-first' => '/home/psq/.cache/typescript/4.5/node_modules/@types/ee-first/index.d.ts'
[17:52:59.490] Adding entry into typings cache: 'ejs' => '/home/psq/.cache/typescript/4.5/node_modules/@types/ejs/index.d.ts'
[17:52:59.492] Adding entry into typings cache: 'encodeurl' => '/home/psq/.cache/typescript/4.5/node_modules/@types/encodeurl/index.d.ts'
[17:52:59.494] Adding entry into typings cache: 'end-of-stream' => '/home/psq/.cache/typescript/4.5/node_modules/@types/end-of-stream/index.d.ts'
[17:52:59.496] Adding entry into typings cache: 'engine.io' => '/home/psq/.cache/typescript/4.5/node_modules/@types/engine.io/index.d.ts'
[17:52:59.496] Adding entry into typings cache: 'ent' => '/home/psq/.cache/typescript/4.5/node_modules/@types/ent/index.d.ts'
[17:52:59.498] Adding entry into typings cache: 'escape-html' => '/home/psq/.cache/typescript/4.5/node_modules/@types/escape-html/index.d.ts'
[17:52:59.500] Adding entry into typings cache: 'eslint' => '/home/psq/.cache/typescript/4.5/node_modules/@types/eslint/index.d.ts'
[17:52:59.501] Adding entry into typings cache: 'eslint-config-prettier' => '/home/psq/.cache/typescript/4.5/node_modules/@types/eslint-config-prettier/index.d.ts'
[17:52:59.503] Adding entry into typings cache: 'eslint-plugin-prettier' => '/home/psq/.cache/typescript/4.5/node_modules/@types/eslint-plugin-prettier/index.d.ts'
[17:52:59.508] Adding entry into typings cache: 'eslint-scope' => '/home/psq/.cache/typescript/4.5/node_modules/@types/eslint-scope/index.d.ts'
[17:52:59.510] Adding entry into typings cache: 'eslint-utils' => '/home/psq/.cache/typescript/4.5/node_modules/@types/eslint-utils/index.d.ts'
[17:52:59.510] Adding entry into typings cache: 'eslint-visitor-keys' => '/home/psq/.cache/typescript/4.5/node_modules/@types/eslint-visitor-keys/index.d.ts'
[17:52:59.511] Adding entry into typings cache: 'esprima' => '/home/psq/.cache/typescript/4.5/node_modules/@types/esprima/index.d.ts'
[17:52:59.512] Adding entry into typings cache: 'esquery' => '/home/psq/.cache/typescript/4.5/node_modules/@types/esquery/index.d.ts'
[17:52:59.514] Adding entry into typings cache: 'estraverse' => '/home/psq/.cache/typescript/4.5/node_modules/@types/estraverse/index.d.ts'
[17:52:59.515] Adding entry into typings cache: 'esutils' => '/home/psq/.cache/typescript/4.5/node_modules/@types/esutils/index.d.ts'
[17:52:59.516] Adding entry into typings cache: 'etag' => '/home/psq/.cache/typescript/4.5/node_modules/@types/etag/index.d.ts'
[17:52:59.519] Adding entry into typings cache: 'events' => '/home/psq/.cache/typescript/4.5/node_modules/@types/events/index.d.ts'
[17:52:59.520] Adding entry into typings cache: 'express' => '/home/psq/.cache/typescript/4.5/node_modules/@types/express/index.d.ts'
[17:52:59.521] Adding entry into typings cache: 'extend' => '/home/psq/.cache/typescript/4.5/node_modules/@types/extend/index.d.ts'
[17:52:59.523] Adding entry into typings cache: 'eyes' => '/home/psq/.cache/typescript/4.5/node_modules/@types/eyes/index.d.ts'
[17:52:59.524] Adding entry into typings cache: 'fancy-log' => '/home/psq/.cache/typescript/4.5/node_modules/@types/fancy-log/index.d.ts'
[17:52:59.525] Adding entry into typings cache: 'fast-levenshtein' => '/home/psq/.cache/typescript/4.5/node_modules/@types/fast-levenshtein/index.d.ts'
[17:52:59.526] Adding entry into typings cache: 'fast-text-encoding' => '/home/psq/.cache/typescript/4.5/node_modules/@types/fast-text-encoding/index.d.ts'
[17:52:59.527] Adding entry into typings cache: 'file-entry-cache' => '/home/psq/.cache/typescript/4.5/node_modules/@types/file-entry-cache/index.d.ts'
[17:52:59.529] Adding entry into typings cache: 'fill-range' => '/home/psq/.cache/typescript/4.5/node_modules/@types/fill-range/index.d.ts'
[17:52:59.531] Adding entry into typings cache: 'finalhandler' => '/home/psq/.cache/typescript/4.5/node_modules/@types/finalhandler/index.d.ts'
[17:52:59.532] Adding entry into typings cache: 'find-cache-dir' => '/home/psq/.cache/typescript/4.5/node_modules/@types/find-cache-dir/index.d.ts'
[17:52:59.533] Adding entry into typings cache: 'flat' => '/home/psq/.cache/typescript/4.5/node_modules/@types/flat/index.d.ts'
[17:52:59.534] Adding entry into typings cache: 'flat-cache' => '/home/psq/.cache/typescript/4.5/node_modules/@types/flat-cache/index.d.ts'
[17:52:59.535] Adding entry into typings cache: 'follow-redirects' => '/home/psq/.cache/typescript/4.5/node_modules/@types/follow-redirects/index.d.ts'
[17:52:59.536] Adding entry into typings cache: 'forwarded' => '/home/psq/.cache/typescript/4.5/node_modules/@types/forwarded/index.d.ts'
[17:52:59.536] Adding entry into typings cache: 'fresh' => '/home/psq/.cache/typescript/4.5/node_modules/@types/fresh/index.d.ts'
[17:52:59.539] Adding entry into typings cache: 'fs-extra' => '/home/psq/.cache/typescript/4.5/node_modules/@types/fs-extra/index.d.ts'
[17:52:59.540] Adding entry into typings cache: 'fs-minipass' => '/home/psq/.cache/typescript/4.5/node_modules/@types/fs-minipass/index.d.ts'
[17:52:59.541] Adding entry into typings cache: 'function-bind' => '/home/psq/.cache/typescript/4.5/node_modules/@types/function-bind/index.d.ts'
[17:52:59.542] Adding entry into typings cache: 'functional-red-black-tree' => '/home/psq/.cache/typescript/4.5/node_modules/@types/functional-red-black-tree/index.d.ts'
[17:52:59.543] Adding entry into typings cache: 'gauge' => '/home/psq/.cache/typescript/4.5/node_modules/@types/gauge/index.d.ts'
[17:52:59.544] Adding entry into typings cache: 'gensync' => '/home/psq/.cache/typescript/4.5/node_modules/@types/gensync/index.d.ts'
[17:52:59.545] Adding entry into typings cache: 'get-intrinsic' => '/home/psq/.cache/typescript/4.5/node_modules/@types/get-intrinsic/index.d.ts'
[17:52:59.547] Adding entry into typings cache: 'glob' => '/home/psq/.cache/typescript/4.5/node_modules/@types/glob/index.d.ts'
[17:52:59.549] Adding entry into typings cache: 'glob-parent' => '/home/psq/.cache/typescript/4.5/node_modules/@types/glob-parent/index.d.ts'
[17:52:59.550] Adding entry into typings cache: 'glob-to-regexp' => '/home/psq/.cache/typescript/4.5/node_modules/@types/glob-to-regexp/index.d.ts'
[17:52:59.552] Adding entry into typings cache: 'global-modules' => '/home/psq/.cache/typescript/4.5/node_modules/@types/global-modules/index.d.ts'
[17:52:59.553] Adding entry into typings cache: 'global-prefix' => '/home/psq/.cache/typescript/4.5/node_modules/@types/global-prefix/index.d.ts'
[17:52:59.554] Adding entry into typings cache: 'globjoin' => '/home/psq/.cache/typescript/4.5/node_modules/@types/globjoin/index.d.ts'
[17:52:59.556] Adding entry into typings cache: 'graceful-fs' => '/home/psq/.cache/typescript/4.5/node_modules/@types/graceful-fs/index.d.ts'
[17:52:59.557] Adding entry into typings cache: 'has' => '/home/psq/.cache/typescript/4.5/node_modules/@types/has/index.d.ts'
[17:52:59.559] Adding entry into typings cache: 'has-symbols' => '/home/psq/.cache/typescript/4.5/node_modules/@types/has-symbols/index.d.ts'
[17:52:59.560] Adding entry into typings cache: 'he' => '/home/psq/.cache/typescript/4.5/node_modules/@types/he/index.d.ts'
[17:52:59.561] Adding entry into typings cache: 'hosted-git-info' => '/home/psq/.cache/typescript/4.5/node_modules/@types/hosted-git-info/index.d.ts'
[17:52:59.562] Adding entry into typings cache: 'html-encoding-sniffer' => '/home/psq/.cache/typescript/4.5/node_modules/@types/html-encoding-sniffer/index.d.ts'
[17:52:59.563] Adding entry into typings cache: 'html-escaper' => '/home/psq/.cache/typescript/4.5/node_modules/@types/html-escaper/index.d.ts'
[17:52:59.564] Adding entry into typings cache: 'http-cache-semantics' => '/home/psq/.cache/typescript/4.5/node_modules/@types/http-cache-semantics/index.d.ts'
[17:52:59.565] Adding entry into typings cache: 'http-errors' => '/home/psq/.cache/typescript/4.5/node_modules/@types/http-errors/index.d.ts'
[17:52:59.567] Adding entry into typings cache: 'http-proxy' => '/home/psq/.cache/typescript/4.5/node_modules/@types/http-proxy/index.d.ts'
[17:52:59.568] Adding entry into typings cache: 'http-server' => '/home/psq/.cache/typescript/4.5/node_modules/@types/http-server/index.d.ts'
[17:52:59.569] Adding entry into typings cache: 'humanize-ms' => '/home/psq/.cache/typescript/4.5/node_modules/@types/humanize-ms/index.d.ts'
[17:52:59.570] Adding entry into typings cache: 'icss-utils' => '/home/psq/.cache/typescript/4.5/node_modules/@types/icss-utils/index.d.ts'
[17:52:59.571] Adding entry into typings cache: 'ignore-walk' => '/home/psq/.cache/typescript/4.5/node_modules/@types/ignore-walk/index.d.ts'
[17:52:59.572] Adding entry into typings cache: 'imurmurhash' => '/home/psq/.cache/typescript/4.5/node_modules/@types/imurmurhash/index.d.ts'
[17:52:59.577] Adding entry into typings cache: 'inherits' => '/home/psq/.cache/typescript/4.5/node_modules/@types/inherits/index.d.ts'
[17:52:59.578] Adding entry into typings cache: 'ini' => '/home/psq/.cache/typescript/4.5/node_modules/@types/ini/index.d.ts'
[17:52:59.581] Adding entry into typings cache: 'inquirer' => '/home/psq/.cache/typescript/4.5/node_modules/@types/inquirer/index.d.ts'
[17:52:59.582] Adding entry into typings cache: 'ip' => '/home/psq/.cache/typescript/4.5/node_modules/@types/ip/index.d.ts'
[17:52:59.583] Adding entry into typings cache: 'is-arguments' => '/home/psq/.cache/typescript/4.5/node_modules/@types/is-arguments/index.d.ts'
[17:52:59.584] Adding entry into typings cache: 'is-core-module' => '/home/psq/.cache/typescript/4.5/node_modules/@types/is-core-module/index.d.ts'
[17:52:59.584] Adding entry into typings cache: 'is-date-object' => '/home/psq/.cache/typescript/4.5/node_modules/@types/is-date-object/index.d.ts'
[17:52:59.586] Adding entry into typings cache: 'is-glob' => '/home/psq/.cache/typescript/4.5/node_modules/@types/is-glob/index.d.ts'
[17:52:59.587] Adding entry into typings cache: 'is-lambda' => '/home/psq/.cache/typescript/4.5/node_modules/@types/is-lambda/index.d.ts'
[17:52:59.587] Adding entry into typings cache: 'is-natural-number' => '/home/psq/.cache/typescript/4.5/node_modules/@types/is-natural-number/index.d.ts'
[17:52:59.590] Adding entry into typings cache: 'is-number' => '/home/psq/.cache/typescript/4.5/node_modules/@types/is-number/index.d.ts'
[17:52:59.591] Adding entry into typings cache: 'is-number-like' => '/home/psq/.cache/typescript/4.5/node_modules/@types/is-number-like/index.d.ts'
[17:52:59.591] Adding entry into typings cache: 'is-regex' => '/home/psq/.cache/typescript/4.5/node_modules/@types/is-regex/index.d.ts'
[17:52:59.592] Adding entry into typings cache: 'is-typedarray' => '/home/psq/.cache/typescript/4.5/node_modules/@types/is-typedarray/index.d.ts'
[17:52:59.593] Adding entry into typings cache: 'isarray' => '/home/psq/.cache/typescript/4.5/node_modules/@types/isarray/index.d.ts'
[17:52:59.594] Adding entry into typings cache: 'isexe' => '/home/psq/.cache/typescript/4.5/node_modules/@types/isexe/index.d.ts'
[17:52:59.595] Adding entry into typings cache: 'isstream' => '/home/psq/.cache/typescript/4.5/node_modules/@types/isstream/index.d.ts'
[17:52:59.597] Adding entry into typings cache: 'istanbul-lib-coverage' => '/home/psq/.cache/typescript/4.5/node_modules/@types/istanbul-lib-coverage/index.d.ts'
[17:52:59.597] Adding entry into typings cache: 'istanbul-lib-instrument' => '/home/psq/.cache/typescript/4.5/node_modules/@types/istanbul-lib-instrument/index.d.ts'
[17:52:59.598] Adding entry into typings cache: 'istanbul-lib-report' => '/home/psq/.cache/typescript/4.5/node_modules/@types/istanbul-lib-report/index.d.ts'
[17:52:59.599] Adding entry into typings cache: 'istanbul-lib-source-maps' => '/home/psq/.cache/typescript/4.5/node_modules/@types/istanbul-lib-source-maps/index.d.ts'
[17:52:59.600] Adding entry into typings cache: 'istanbul-reports' => '/home/psq/.cache/typescript/4.5/node_modules/@types/istanbul-reports/index.d.ts'
[17:52:59.601] Adding entry into typings cache: 'jake' => '/home/psq/.cache/typescript/4.5/node_modules/@types/jake/index.d.ts'
[17:52:59.602] Adding entry into typings cache: 'js-cookie' => '/home/psq/.cache/typescript/4.5/node_modules/@types/js-cookie/index.d.ts'
[17:52:59.603] Adding entry into typings cache: 'js-yaml' => '/home/psq/.cache/typescript/4.5/node_modules/@types/js-yaml/index.d.ts'
[17:52:59.604] Adding entry into typings cache: 'jsesc' => '/home/psq/.cache/typescript/4.5/node_modules/@types/jsesc/index.d.ts'
[17:52:59.605] Adding entry into typings cache: 'json-parse-better-errors' => '/home/psq/.cache/typescript/4.5/node_modules/@types/json-parse-better-errors/index.d.ts'
[17:52:59.606] Adding entry into typings cache: 'json-stable-stringify-without-jsonify' => '/home/psq/.cache/typescript/4.5/node_modules/@types/json-stable-stringify-without-jsonify/index.d.ts'
[17:52:59.608] Adding entry into typings cache: 'jsonfile' => '/home/psq/.cache/typescript/4.5/node_modules/@types/jsonfile/index.d.ts'
[17:52:59.609] Adding entry into typings cache: 'karma' => '/home/psq/.cache/typescript/4.5/node_modules/@types/karma/index.d.ts'
[17:52:59.609] Adding entry into typings cache: 'karma-chrome-launcher' => '/home/psq/.cache/typescript/4.5/node_modules/@types/karma-chrome-launcher/index.d.ts'
[17:52:59.611] Adding entry into typings cache: 'karma-coverage' => '/home/psq/.cache/typescript/4.5/node_modules/@types/karma-coverage/index.d.ts'
[17:52:59.612] Adding entry into typings cache: 'karma-jasmine' => '/home/psq/.cache/typescript/4.5/node_modules/@types/karma-jasmine/index.d.ts'
[17:52:59.614] Adding entry into typings cache: 'karma-jasmine-html-reporter' => '/home/psq/.cache/typescript/4.5/node_modules/@types/karma-jasmine-html-reporter/index.d.ts'
[17:52:59.615] Adding entry into typings cache: 'karma-junit-reporter' => '/home/psq/.cache/typescript/4.5/node_modules/@types/karma-junit-reporter/index.d.ts'
[17:52:59.616] Adding entry into typings cache: 'kind-of' => '/home/psq/.cache/typescript/4.5/node_modules/@types/kind-of/index.d.ts'
[17:52:59.617] Adding entry into typings cache: 'less' => '/home/psq/.cache/typescript/4.5/node_modules/@types/less/index.d.ts'
[17:52:59.618] Adding entry into typings cache: 'loader-runner' => '/home/psq/.cache/typescript/4.5/node_modules/@types/loader-runner/index.d.ts'
[17:52:59.619] Adding entry into typings cache: 'loader-utils' => '/home/psq/.cache/typescript/4.5/node_modules/@types/loader-utils/index.d.ts'
[17:52:59.620] Adding entry into typings cache: 'localtunnel' => '/home/psq/.cache/typescript/4.5/node_modules/@types/localtunnel/index.d.ts'
[17:52:59.621] Adding entry into typings cache: 'lodash' => '/home/psq/.cache/typescript/4.5/node_modules/@types/lodash/index.d.ts'
[17:52:59.622] Adding entry into typings cache: 'lodash.debounce' => '/home/psq/.cache/typescript/4.5/node_modules/@types/lodash.debounce/index.d.ts'
[17:52:59.622] Adding entry into typings cache: 'lodash.isfinite' => '/home/psq/.cache/typescript/4.5/node_modules/@types/lodash.isfinite/index.d.ts'
[17:52:59.623] Adding entry into typings cache: 'lodash.kebabcase' => '/home/psq/.cache/typescript/4.5/node_modules/@types/lodash.kebabcase/index.d.ts'
[17:52:59.624] Adding entry into typings cache: 'lodash.merge' => '/home/psq/.cache/typescript/4.5/node_modules/@types/lodash.merge/index.d.ts'
[17:52:59.625] Adding entry into typings cache: 'lodash.truncate' => '/home/psq/.cache/typescript/4.5/node_modules/@types/lodash.truncate/index.d.ts'
[17:52:59.627] Adding entry into typings cache: 'lru-cache' => '/home/psq/.cache/typescript/4.5/node_modules/@types/lru-cache/index.d.ts'
[17:52:59.628] Adding entry into typings cache: 'make-fetch-happen' => '/home/psq/.cache/typescript/4.5/node_modules/@types/make-fetch-happen/index.d.ts'
[17:52:59.629] Adding entry into typings cache: 'media-typer' => '/home/psq/.cache/typescript/4.5/node_modules/@types/media-typer/index.d.ts'
[17:52:59.630] Adding entry into typings cache: 'merge-descriptors' => '/home/psq/.cache/typescript/4.5/node_modules/@types/merge-descriptors/index.d.ts'
[17:52:59.631] Adding entry into typings cache: 'merge-stream' => '/home/psq/.cache/typescript/4.5/node_modules/@types/merge-stream/index.d.ts'
[17:52:59.632] Adding entry into typings cache: 'merge2' => '/home/psq/.cache/typescript/4.5/node_modules/@types/merge2/index.d.ts'
[17:52:59.633] Adding entry into typings cache: 'methods' => '/home/psq/.cache/typescript/4.5/node_modules/@types/methods/index.d.ts'
[17:52:59.634] Adding entry into typings cache: 'micromatch' => '/home/psq/.cache/typescript/4.5/node_modules/@types/micromatch/index.d.ts'
[17:52:59.635] Adding entry into typings cache: 'mime' => '/home/psq/.cache/typescript/4.5/node_modules/@types/mime/index.d.ts'
[17:52:59.636] Adding entry into typings cache: 'mime-db' => '/home/psq/.cache/typescript/4.5/node_modules/@types/mime-db/index.d.ts'
[17:52:59.638] Adding entry into typings cache: 'mime-types' => '/home/psq/.cache/typescript/4.5/node_modules/@types/mime-types/index.d.ts'
[17:52:59.639] Adding entry into typings cache: 'min-indent' => '/home/psq/.cache/typescript/4.5/node_modules/@types/min-indent/index.d.ts'
[17:52:59.640] Adding entry into typings cache: 'minimalistic-assert' => '/home/psq/.cache/typescript/4.5/node_modules/@types/minimalistic-assert/index.d.ts'
[17:52:59.640] Adding entry into typings cache: 'minimatch' => '/home/psq/.cache/typescript/4.5/node_modules/@types/minimatch/index.d.ts'
[17:52:59.641] Adding entry into typings cache: 'minimist' => '/home/psq/.cache/typescript/4.5/node_modules/@types/minimist/index.d.ts'
[17:52:59.643] Adding entry into typings cache: 'minipass' => '/home/psq/.cache/typescript/4.5/node_modules/minipass/index.d.ts'
[17:52:59.644] Adding entry into typings cache: 'minizlib' => '/home/psq/.cache/typescript/4.5/node_modules/@types/minizlib/index.d.ts'
[17:52:59.645] Adding entry into typings cache: 'mkdirp' => '/home/psq/.cache/typescript/4.5/node_modules/@types/mkdirp/index.d.ts'
[17:52:59.646] Adding entry into typings cache: 'moo' => '/home/psq/.cache/typescript/4.5/node_modules/@types/moo/index.d.ts'
[17:52:59.654] Adding entry into typings cache: 'ms' => '/home/psq/.cache/typescript/4.5/node_modules/@types/ms/index.d.ts'
[17:52:59.655] Adding entry into typings cache: 'multicast-dns' => '/home/psq/.cache/typescript/4.5/node_modules/@types/multicast-dns/index.d.ts'
[17:52:59.656] Adding entry into typings cache: 'mute-stream' => '/home/psq/.cache/typescript/4.5/node_modules/@types/mute-stream/index.d.ts'
[17:52:59.657] Adding entry into typings cache: 'natural-compare' => '/home/psq/.cache/typescript/4.5/node_modules/@types/natural-compare/index.d.ts'
[17:52:59.658] Adding entry into typings cache: 'needle' => '/home/psq/.cache/typescript/4.5/node_modules/@types/needle/index.d.ts'
[17:52:59.659] Adding entry into typings cache: 'negotiator' => '/home/psq/.cache/typescript/4.5/node_modules/@types/negotiator/index.d.ts'
[17:52:59.662] Adding entry into typings cache: 'neo-async' => '/home/psq/.cache/typescript/4.5/node_modules/@types/neo-async/index.d.ts'
[17:52:59.672] Adding entry into typings cache: 'node-fetch' => '/home/psq/.cache/typescript/4.5/node_modules/@types/node-fetch/index.d.ts'
[17:52:59.675] Adding entry into typings cache: 'node-forge' => '/home/psq/.cache/typescript/4.5/node_modules/@types/node-forge/index.d.ts'
[17:52:59.676] Adding entry into typings cache: 'nopt' => '/home/psq/.cache/typescript/4.5/node_modules/@types/nopt/index.d.ts'
[17:52:59.677] Adding entry into typings cache: 'normalize-package-data' => '/home/psq/.cache/typescript/4.5/node_modules/@types/normalize-package-data/index.d.ts'
[17:52:59.679] Adding entry into typings cache: 'normalize-path' => '/home/psq/.cache/typescript/4.5/node_modules/@types/normalize-path/index.d.ts'
[17:52:59.681] Adding entry into typings cache: 'npm-package-arg' => '/home/psq/.cache/typescript/4.5/node_modules/@types/npm-package-arg/index.d.ts'
[17:52:59.682] Adding entry into typings cache: 'npm-packlist' => '/home/psq/.cache/typescript/4.5/node_modules/@types/npm-packlist/index.d.ts'
[17:52:59.683] Adding entry into typings cache: 'npm-registry-fetch' => '/home/psq/.cache/typescript/4.5/node_modules/@types/npm-registry-fetch/index.d.ts'
[17:52:59.684] Adding entry into typings cache: 'npmlog' => '/home/psq/.cache/typescript/4.5/node_modules/@types/npmlog/index.d.ts'
[17:52:59.685] Adding entry into typings cache: 'object-assign' => '/home/psq/.cache/typescript/4.5/node_modules/@types/object-assign/index.d.ts'
[17:52:59.686] Adding entry into typings cache: 'object-inspect' => '/home/psq/.cache/typescript/4.5/node_modules/@types/object-inspect/index.d.ts'
[17:52:59.687] Adding entry into typings cache: 'object-keys' => '/home/psq/.cache/typescript/4.5/node_modules/@types/object-keys/index.d.ts'
[17:52:59.687] Adding entry into typings cache: 'on-finished' => '/home/psq/.cache/typescript/4.5/node_modules/@types/on-finished/index.d.ts'
[17:52:59.688] Adding entry into typings cache: 'on-headers' => '/home/psq/.cache/typescript/4.5/node_modules/@types/on-headers/index.d.ts'
[17:52:59.689] Adding entry into typings cache: 'once' => '/home/psq/.cache/typescript/4.5/node_modules/@types/once/index.d.ts'
[17:52:59.690] Adding entry into typings cache: 'opener' => '/home/psq/.cache/typescript/4.5/node_modules/@types/opener/index.d.ts'
[17:52:59.691] Adding entry into typings cache: 'openurl' => '/home/psq/.cache/typescript/4.5/node_modules/@types/openurl/index.d.ts'
[17:52:59.692] Adding entry into typings cache: 'os-tmpdir' => '/home/psq/.cache/typescript/4.5/node_modules/@types/os-tmpdir/index.d.ts'
[17:52:59.696] Adding entry into typings cache: 'pacote' => '/home/psq/.cache/typescript/4.5/node_modules/@types/pacote/index.d.ts'
[17:52:59.697] Adding entry into typings cache: 'pako' => '/home/psq/.cache/typescript/4.5/node_modules/@types/pako/index.d.ts'
[17:52:59.698] Adding entry into typings cache: 'parse-json' => '/home/psq/.cache/typescript/4.5/node_modules/@types/parse-json/index.d.ts'
[17:52:59.699] Adding entry into typings cache: 'parse-node-version' => '/home/psq/.cache/typescript/4.5/node_modules/@types/parse-node-version/index.d.ts'
[17:52:59.700] Adding entry into typings cache: 'parse5' => '/home/psq/.cache/typescript/4.5/node_modules/@types/parse5/index.d.ts'
[17:52:59.701] Adding entry into typings cache: 'parse5-html-rewriting-stream' => '/home/psq/.cache/typescript/4.5/node_modules/@types/parse5-html-rewriting-stream/index.d.ts'
[17:52:59.703] Adding entry into typings cache: 'parse5-htmlparser2-tree-adapter' => '/home/psq/.cache/typescript/4.5/node_modules/@types/parse5-htmlparser2-tree-adapter/index.d.ts'
[17:52:59.704] Adding entry into typings cache: 'parse5-sax-parser' => '/home/psq/.cache/typescript/4.5/node_modules/@types/parse5-sax-parser/index.d.ts'
[17:52:59.705] Adding entry into typings cache: 'parseurl' => '/home/psq/.cache/typescript/4.5/node_modules/@types/parseurl/index.d.ts'
[17:52:59.706] Adding entry into typings cache: 'path-is-absolute' => '/home/psq/.cache/typescript/4.5/node_modules/@types/path-is-absolute/index.d.ts'
[17:52:59.707] Adding entry into typings cache: 'path-parse' => '/home/psq/.cache/typescript/4.5/node_modules/@types/path-parse/index.d.ts'
[17:52:59.710] Adding entry into typings cache: 'picomatch' => '/home/psq/.cache/typescript/4.5/node_modules/@types/picomatch/index.d.ts'
[17:52:59.712] Adding entry into typings cache: 'pify' => '/home/psq/.cache/typescript/4.5/node_modules/@types/pify/index.d.ts'
[17:52:59.713] Adding entry into typings cache: 'portscanner' => '/home/psq/.cache/typescript/4.5/node_modules/@types/portscanner/index.d.ts'
[17:52:59.714] Adding entry into typings cache: 'postcss-gap-properties' => '/home/psq/.cache/typescript/4.5/node_modules/@types/postcss-gap-properties/index.d.ts'
[17:52:59.714] Adding entry into typings cache: 'postcss-import' => '/home/psq/.cache/typescript/4.5/node_modules/@types/postcss-import/index.d.ts'
[17:52:59.716] Adding entry into typings cache: 'postcss-media-query-parser' => '/home/psq/.cache/typescript/4.5/node_modules/@types/postcss-media-query-parser/index.d.ts'
[17:52:59.717] Adding entry into typings cache: 'postcss-modules-extract-imports' => '/home/psq/.cache/typescript/4.5/node_modules/@types/postcss-modules-extract-imports/index.d.ts'
[17:52:59.718] Adding entry into typings cache: 'postcss-modules-local-by-default' => '/home/psq/.cache/typescript/4.5/node_modules/@types/postcss-modules-local-by-default/index.d.ts'
[17:52:59.719] Adding entry into typings cache: 'postcss-modules-scope' => '/home/psq/.cache/typescript/4.5/node_modules/@types/postcss-modules-scope/index.d.ts'
[17:52:59.720] Adding entry into typings cache: 'postcss-modules-values' => '/home/psq/.cache/typescript/4.5/node_modules/@types/postcss-modules-values/index.d.ts'
[17:52:59.721] Adding entry into typings cache: 'postcss-preset-env' => '/home/psq/.cache/typescript/4.5/node_modules/@types/postcss-preset-env/index.d.ts'
[17:52:59.722] Adding entry into typings cache: 'postcss-resolve-nested-selector' => '/home/psq/.cache/typescript/4.5/node_modules/@types/postcss-resolve-nested-selector/index.d.ts'
[17:52:59.722] Adding entry into typings cache: 'postcss-safe-parser' => '/home/psq/.cache/typescript/4.5/node_modules/@types/postcss-safe-parser/index.d.ts'
[17:52:59.723] Adding entry into typings cache: 'prelude-ls' => '/home/psq/.cache/typescript/4.5/node_modules/@types/prelude-ls/index.d.ts'
[17:52:59.724] Adding entry into typings cache: 'prettier' => '/home/psq/.cache/typescript/4.5/node_modules/@types/prettier/index.d.ts'
[17:52:59.725] Adding entry into typings cache: 'prettier-linter-helpers' => '/home/psq/.cache/typescript/4.5/node_modules/@types/prettier-linter-helpers/index.d.ts'
[17:52:59.726] Adding entry into typings cache: 'proc-log' => '/home/psq/.cache/typescript/4.5/node_modules/@types/proc-log/index.d.ts'
[17:52:59.727] Adding entry into typings cache: 'progress' => '/home/psq/.cache/typescript/4.5/node_modules/@types/progress/index.d.ts'
[17:52:59.728] Adding entry into typings cache: 'promise-inflight' => '/home/psq/.cache/typescript/4.5/node_modules/@types/promise-inflight/index.d.ts'
[17:52:59.732] Adding entry into typings cache: 'promise-retry' => '/home/psq/.cache/typescript/4.5/node_modules/@types/promise-retry/index.d.ts'
[17:52:59.733] Adding entry into typings cache: 'prompt' => '/home/psq/.cache/typescript/4.5/node_modules/@types/prompt/index.d.ts'
[17:52:59.734] Adding entry into typings cache: 'proxy' => '/home/psq/.cache/typescript/4.5/node_modules/@types/proxy/index.d.ts'
[17:52:59.735] Adding entry into typings cache: 'proxy-addr' => '/home/psq/.cache/typescript/4.5/node_modules/@types/proxy-addr/index.d.ts'
[17:52:59.737] Adding entry into typings cache: 'punycode' => '/home/psq/.cache/typescript/4.5/node_modules/@types/punycode/index.d.ts'
[17:52:59.738] Adding entry into typings cache: 'q' => '/home/psq/.cache/typescript/4.5/node_modules/@types/q/index.d.ts'
[17:52:59.740] Adding entry into typings cache: 'qs' => '/home/psq/.cache/typescript/4.5/node_modules/@types/qs/index.d.ts'
[17:52:59.742] Adding entry into typings cache: 'randombytes' => '/home/psq/.cache/typescript/4.5/node_modules/@types/randombytes/index.d.ts'
[17:52:59.743] Adding entry into typings cache: 'range-parser' => '/home/psq/.cache/typescript/4.5/node_modules/@types/range-parser/index.d.ts'
[17:52:59.743] Adding entry into typings cache: 'read' => '/home/psq/.cache/typescript/4.5/node_modules/@types/read/index.d.ts'
[17:52:59.744] Adding entry into typings cache: 'readable-stream' => '/home/psq/.cache/typescript/4.5/node_modules/@types/readable-stream/index.d.ts'
[17:52:59.745] Adding entry into typings cache: 'regenerate' => '/home/psq/.cache/typescript/4.5/node_modules/@types/regenerate/index.d.ts'
[17:52:59.751] Adding entry into typings cache: 'regenerator-runtime' => '/home/psq/.cache/typescript/4.5/node_modules/@types/regenerator-runtime/index.d.ts'
[17:52:59.752] Adding entry into typings cache: 'require-directory' => '/home/psq/.cache/typescript/4.5/node_modules/@types/require-directory/index.d.ts'
[17:52:59.753] Adding entry into typings cache: 'require-from-string' => '/home/psq/.cache/typescript/4.5/node_modules/@types/require-from-string/index.d.ts'
[17:52:59.754] Adding entry into typings cache: 'requires-port' => '/home/psq/.cache/typescript/4.5/node_modules/@types/requires-port/index.d.ts'
[17:52:59.755] Adding entry into typings cache: 'resolve' => '/home/psq/.cache/typescript/4.5/node_modules/@types/resolve/index.d.ts'
[17:52:59.755] Adding entry into typings cache: 'retry' => '/home/psq/.cache/typescript/4.5/node_modules/@types/retry/index.d.ts'
[17:52:59.756] Adding entry into typings cache: 'revalidator' => '/home/psq/.cache/typescript/4.5/node_modules/@types/revalidator/index.d.ts'
[17:52:59.758] Adding entry into typings cache: 'rimraf' => '/home/psq/.cache/typescript/4.5/node_modules/@types/rimraf/index.d.ts'
[17:52:59.758] Adding entry into typings cache: 'run-parallel' => '/home/psq/.cache/typescript/4.5/node_modules/@types/run-parallel/index.d.ts'
[17:52:59.761] Adding entry into typings cache: 'rx' => '/home/psq/.cache/typescript/4.5/node_modules/@types/rx/index.d.ts'
[17:52:59.762] Adding entry into typings cache: 'safe-regex' => '/home/psq/.cache/typescript/4.5/node_modules/@types/safe-regex/index.d.ts'
[17:52:59.763] Adding entry into typings cache: 'safer-buffer' => '/home/psq/.cache/typescript/4.5/node_modules/@types/safer-buffer/index.d.ts'
[17:52:59.764] Adding entry into typings cache: 'sass-loader' => '/home/psq/.cache/typescript/4.5/node_modules/@types/sass-loader/index.d.ts'
[17:52:59.765] Adding entry into typings cache: 'sax' => '/home/psq/.cache/typescript/4.5/node_modules/@types/sax/index.d.ts'
[17:52:59.766] Adding entry into typings cache: 'selfsigned' => '/home/psq/.cache/typescript/4.5/node_modules/@types/selfsigned/index.d.ts'
[17:52:59.767] Adding entry into typings cache: 'semver' => '/home/psq/.cache/typescript/4.5/node_modules/@types/semver/index.d.ts'
[17:52:59.768] Adding entry into typings cache: 'send' => '/home/psq/.cache/typescript/4.5/node_modules/@types/send/index.d.ts'
[17:52:59.769] Adding entry into typings cache: 'serialize-javascript' => '/home/psq/.cache/typescript/4.5/node_modules/@types/serialize-javascript/index.d.ts'
[17:52:59.770] Adding entry into typings cache: 'serve-index' => '/home/psq/.cache/typescript/4.5/node_modules/@types/serve-index/index.d.ts'
[17:52:59.771] Adding entry into typings cache: 'serve-static' => '/home/psq/.cache/typescript/4.5/node_modules/@types/serve-static/index.d.ts'
[17:52:59.772] Adding entry into typings cache: 'server-destroy' => '/home/psq/.cache/typescript/4.5/node_modules/@types/server-destroy/index.d.ts'
[17:52:59.773] Adding entry into typings cache: 'set-blocking' => '/home/psq/.cache/typescript/4.5/node_modules/@types/set-blocking/index.d.ts'
[17:52:59.774] Adding entry into typings cache: 'shebang-command' => '/home/psq/.cache/typescript/4.5/node_modules/@types/shebang-command/index.d.ts'
[17:52:59.775] Adding entry into typings cache: 'signal-exit' => '/home/psq/.cache/typescript/4.5/node_modules/@types/signal-exit/index.d.ts'
[17:52:59.775] Adding entry into typings cache: 'slice-ansi' => '/home/psq/.cache/typescript/4.5/node_modules/@types/slice-ansi/index.d.ts'
[17:52:59.776] Adding entry into typings cache: 'sockjs' => '/home/psq/.cache/typescript/4.5/node_modules/@types/sockjs/index.d.ts'
[17:52:59.778] Adding entry into typings cache: 'source-map-support' => '/home/psq/.cache/typescript/4.5/node_modules/@types/source-map-support/index.d.ts'
[17:52:59.779] Adding entry into typings cache: 'spdx-correct' => '/home/psq/.cache/typescript/4.5/node_modules/@types/spdx-correct/index.d.ts'
[17:52:59.780] Adding entry into typings cache: 'spdx-expression-parse' => '/home/psq/.cache/typescript/4.5/node_modules/@types/spdx-expression-parse/index.d.ts'
[17:52:59.780] Adding entry into typings cache: 'spdy' => '/home/psq/.cache/typescript/4.5/node_modules/@types/spdy/index.d.ts'
[17:52:59.781] Adding entry into typings cache: 'sprintf' => '/home/psq/.cache/typescript/4.5/node_modules/@types/sprintf/index.d.ts'
[17:52:59.782] Adding entry into typings cache: 'sprintf-js' => '/home/psq/.cache/typescript/4.5/node_modules/@types/sprintf-js/index.d.ts'
[17:52:59.783] Adding entry into typings cache: 'ssri' => '/home/psq/.cache/typescript/4.5/node_modules/@types/ssri/index.d.ts'
[17:52:59.784] Adding entry into typings cache: 'stack-trace' => '/home/psq/.cache/typescript/4.5/node_modules/@types/stack-trace/index.d.ts'
[17:52:59.784] Adding entry into typings cache: 'statuses' => '/home/psq/.cache/typescript/4.5/node_modules/@types/statuses/index.d.ts'
[17:52:59.819] Adding entry into typings cache: 'stream-throttle' => '/home/psq/.cache/typescript/4.5/node_modules/@types/stream-throttle/index.d.ts'
[17:52:59.820] Adding entry into typings cache: 'strip-final-newline' => '/home/psq/.cache/typescript/4.5/node_modules/@types/strip-final-newline/index.d.ts'
[17:52:59.820] Adding entry into typings cache: 'style-search' => '/home/psq/.cache/typescript/4.5/node_modules/@types/style-search/index.d.ts'
[17:52:59.821] Adding entry into typings cache: 'stylus' => '/home/psq/.cache/typescript/4.5/node_modules/@types/stylus/index.d.ts'
[17:52:59.830] Adding entry into typings cache: 'supports-color' => '/home/psq/.cache/typescript/4.5/node_modules/@types/supports-color/index.d.ts'
[17:52:59.831] Adding entry into typings cache: 'svg-tags' => '/home/psq/.cache/typescript/4.5/node_modules/@types/svg-tags/index.d.ts'
[17:52:59.831] Adding entry into typings cache: 'tar' => '/home/psq/.cache/typescript/4.5/node_modules/@types/tar/index.d.ts'
[17:52:59.832] Adding entry into typings cache: 'tar-stream' => '/home/psq/.cache/typescript/4.5/node_modules/@types/tar-stream/index.d.ts'
[17:52:59.833] Adding entry into typings cache: 'text-encoding' => '/home/psq/.cache/typescript/4.5/node_modules/@types/text-encoding/index.d.ts'
[17:52:59.834] Adding entry into typings cache: 'text-table' => '/home/psq/.cache/typescript/4.5/node_modules/@types/text-table/index.d.ts'
[17:52:59.835] Adding entry into typings cache: 'through' => '/home/psq/.cache/typescript/4.5/node_modules/@types/through/index.d.ts'
[17:52:59.836] Adding entry into typings cache: 'thunky' => '/home/psq/.cache/typescript/4.5/node_modules/@types/thunky/index.d.ts'
[17:52:59.837] Adding entry into typings cache: 'tmp' => '/home/psq/.cache/typescript/4.5/node_modules/@types/tmp/index.d.ts'
[17:52:59.839] Adding entry into typings cache: 'to-regex-range' => '/home/psq/.cache/typescript/4.5/node_modules/@types/to-regex-range/index.d.ts'
[17:52:59.840] Adding entry into typings cache: 'toidentifier' => '/home/psq/.cache/typescript/4.5/node_modules/@types/toidentifier/index.d.ts'
[17:52:59.840] Adding entry into typings cache: 'tr46' => '/home/psq/.cache/typescript/4.5/node_modules/@types/tr46/index.d.ts'
[17:52:59.841] Adding entry into typings cache: 'type-check' => '/home/psq/.cache/typescript/4.5/node_modules/@types/type-check/index.d.ts'
[17:52:59.842] Adding entry into typings cache: 'type-is' => '/home/psq/.cache/typescript/4.5/node_modules/@types/type-is/index.d.ts'
[17:52:59.843] Adding entry into typings cache: 'typedarray-to-buffer' => '/home/psq/.cache/typescript/4.5/node_modules/@types/typedarray-to-buffer/index.d.ts'
[17:52:59.844] Adding entry into typings cache: 'ua-parser-js' => '/home/psq/.cache/typescript/4.5/node_modules/@types/ua-parser-js/index.d.ts'
[17:52:59.845] Adding entry into typings cache: 'uglify-js' => '/home/psq/.cache/typescript/4.5/node_modules/@types/uglify-js/index.d.ts'
[17:52:59.845] Adding entry into typings cache: 'unbzip2-stream' => '/home/psq/.cache/typescript/4.5/node_modules/@types/unbzip2-stream/index.d.ts'
[17:52:59.847] Adding entry into typings cache: 'underscore' => '/home/psq/.cache/typescript/4.5/node_modules/@types/underscore/index.d.ts'
[17:52:59.848] Adding entry into typings cache: 'universalify' => '/home/psq/.cache/typescript/4.5/node_modules/@types/universalify/index.d.ts'
[17:52:59.849] Adding entry into typings cache: 'url-join' => '/home/psq/.cache/typescript/4.5/node_modules/@types/url-join/index.d.ts'
[17:52:59.850] Adding entry into typings cache: 'util-deprecate' => '/home/psq/.cache/typescript/4.5/node_modules/@types/util-deprecate/index.d.ts'
[17:52:59.850] Adding entry into typings cache: 'utils-merge' => '/home/psq/.cache/typescript/4.5/node_modules/@types/utils-merge/index.d.ts'
[17:52:59.851] Adding entry into typings cache: 'uuid' => '/home/psq/.cache/typescript/4.5/node_modules/@types/uuid/index.d.ts'
[17:52:59.852] Adding entry into typings cache: 'validate-npm-package-license' => '/home/psq/.cache/typescript/4.5/node_modules/@types/validate-npm-package-license/index.d.ts'
[17:52:59.853] Adding entry into typings cache: 'validate-npm-package-name' => '/home/psq/.cache/typescript/4.5/node_modules/@types/validate-npm-package-name/index.d.ts'
[17:52:59.854] Adding entry into typings cache: 'vary' => '/home/psq/.cache/typescript/4.5/node_modules/@types/vary/index.d.ts'
[17:52:59.854] Adding entry into typings cache: 'void-elements' => '/home/psq/.cache/typescript/4.5/node_modules/@types/void-elements/index.d.ts'
[17:52:59.856] Adding entry into typings cache: 'watchpack' => '/home/psq/.cache/typescript/4.5/node_modules/@types/watchpack/index.d.ts'
[17:52:59.857] Adding entry into typings cache: 'wcwidth' => '/home/psq/.cache/typescript/4.5/node_modules/@types/wcwidth/index.d.ts'
[17:52:59.858] Adding entry into typings cache: 'webidl-conversions' => '/home/psq/.cache/typescript/4.5/node_modules/@types/webidl-conversions/index.d.ts'
[17:52:59.860] Adding entry into typings cache: 'webpack-sources' => '/home/psq/.cache/typescript/4.5/node_modules/@types/webpack-sources/index.d.ts'
[17:52:59.860] Adding entry into typings cache: 'whatwg-encoding' => '/home/psq/.cache/typescript/4.5/node_modules/@types/whatwg-encoding/index.d.ts'
[17:52:59.861] Adding entry into typings cache: 'whatwg-url' => '/home/psq/.cache/typescript/4.5/node_modules/@types/whatwg-url/index.d.ts'
[17:52:59.862] Adding entry into typings cache: 'which' => '/home/psq/.cache/typescript/4.5/node_modules/@types/which/index.d.ts'
[17:52:59.863] Adding entry into typings cache: 'wordwrap' => '/home/psq/.cache/typescript/4.5/node_modules/@types/wordwrap/index.d.ts'
[17:52:59.863] Adding entry into typings cache: 'wrap-ansi' => '/home/psq/.cache/typescript/4.5/node_modules/@types/wrap-ansi/index.d.ts'
[17:52:59.864] Adding entry into typings cache: 'write-file-atomic' => '/home/psq/.cache/typescript/4.5/node_modules/@types/write-file-atomic/index.d.ts'
[17:52:59.865] Adding entry into typings cache: 'ws' => '/home/psq/.cache/typescript/4.5/node_modules/@types/ws/index.d.ts'
[17:52:59.866] Adding entry into typings cache: 'xtend' => '/home/psq/.cache/typescript/4.5/node_modules/@types/xtend/index.d.ts'
[17:52:59.867] Adding entry into typings cache: 'yallist' => '/home/psq/.cache/typescript/4.5/node_modules/@types/yallist/index.d.ts'
[17:52:59.868] Adding entry into typings cache: 'yargs' => '/home/psq/.cache/typescript/4.5/node_modules/@types/yargs/index.d.ts'
[17:52:59.869] Adding entry into typings cache: 'yargs-parser' => '/home/psq/.cache/typescript/4.5/node_modules/@types/yargs-parser/index.d.ts'
[17:52:59.870] Adding entry into typings cache: 'yauzl' => '/home/psq/.cache/typescript/4.5/node_modules/@types/yauzl/index.d.ts'
[17:52:59.870] Finished processing cache location '/home/psq/.cache/typescript/4.5'
[17:52:59.871] Process id: 213911
[17:52:59.871] NPM location: /home/psq/.nvm/versions/node/v18.16.0/bin/npm (explicit '--npmLocation' not  provided)
[17:52:59.871] validateDefaultNpmLocation: false
[17:52:59.871] Npm config file: /home/psq/.cache/typescript/4.5/package.json
[17:52:59.871] Updating types-registry npm package...
[17:52:59.872] Exec: /home/psq/.nvm/versions/node/v18.16.0/bin/npm install --ignore-scripts types-registry@latest
[17:53:05.270]     Succeeded. stdout:
    
    up to date, audited 497 packages in 5s

15 packages are looking for funding
  run `npm fund` for details

2 high severity vulnerabilities

To address all issues, run:
  npm audit fix

Run `npm audit` for details.

[17:53:05.271] Updated types-registry npm package
[18:30:00.468] Got install request {"projectName":"/dev/null/inferredProject1*","fileNames":[],"compilerOptions":{"module":1,"target":3,"jsx":1,"allowJs":true,"allowSyntheticDefaultImports":true,"allowNonTsExtensions":true,"noEmitForJsFiles":true},"typeAcquisition":{"enable":true,"include":[],"exclude":[]},"unresolvedImports":[],"projectRootPath":"/home/psq/jornada/test-qrcode-reader/qr-code-reader/src/app/reader","kind":"discover"}
[18:30:00.478] Loaded safelist from types map file '/home/psq/.nvm/versions/node/v16.13.0/lib/node_modules/typescript/lib/typesMap.json'
[18:30:00.479] Explicitly included types: []
[18:30:00.479] Inferred typings from unresolved imports: []
[18:30:00.480] Result: {"cachedTypingPaths":[],"newTypingNames":[],"filesToWatch":["/home/psq/jornada/test-qrcode-reader/qr-code-reader/src/app/reader/bower_components","/home/psq/jornada/test-qrcode-reader/qr-code-reader/src/app/reader/node_modules"]}
[18:30:00.480] Finished typings discovery: {"cachedTypingPaths":[],"newTypingNames":[],"filesToWatch":["/home/psq/jornada/test-qrcode-reader/qr-code-reader/src/app/reader/bower_components","/home/psq/jornada/test-qrcode-reader/qr-code-reader/src/app/reader/node_modules"]}
[18:30:00.480] DirectoryWatcher:: Added:: WatchInfo: /home/psq/jornada/test-qrcode-reader/qr-code-reader/src/app/reader/bower_components
[18:30:00.481] DirectoryWatcher:: Added:: WatchInfo: /home/psq/jornada/test-qrcode-reader/qr-code-reader/src/app/reader/bower_components 1 undefined Project: /dev/null/inferredProject1* watcher already invoked: false
[18:30:00.482] Elapsed:: 1.3603239953517914ms DirectoryWatcher:: Added:: WatchInfo: /home/psq/jornada/test-qrcode-reader/qr-code-reader/src/app/reader/bower_components 1 undefined Project: /dev/null/inferredProject1* watcher already invoked: false
[18:30:00.482] DirectoryWatcher:: Added:: WatchInfo: /home/psq/jornada/test-qrcode-reader/qr-code-reader/src/app/reader/node_modules
[18:30:00.482] DirectoryWatcher:: Added:: WatchInfo: /home/psq/jornada/test-qrcode-reader/qr-code-reader/src/app/reader/node_modules 1 undefined Project: /dev/null/inferredProject1* watcher already invoked: false
[18:30:00.482] Elapsed:: 0.06745800375938416ms DirectoryWatcher:: Added:: WatchInfo: /home/psq/jornada/test-qrcode-reader/qr-code-reader/src/app/reader/node_modules 1 undefined Project: /dev/null/inferredProject1* watcher already invoked: false
[18:30:00.482] Sending response:
    {"projectName":"/dev/null/inferredProject1*","typeAcquisition":{"enable":true,"include":[],"exclude":[]},"compilerOptions":{"module":1,"target":3,"jsx":1,"allowJs":true,"allowSyntheticDefaultImports":true,"allowNonTsExtensions":true,"noEmitForJsFiles":true},"typings":[],"unresolvedImports":[],"kind":"action::set"}
[18:30:00.483] Response has been sent.
[18:30:00.483] No new typings were requested as a result of typings discovery
[18:49:03.274] Got install request {"projectName":"/dev/null/inferredProject2*","fileNames":["/home/psq/.nvm/versions/node/v16.13.0/lib/node_modules/typescript/lib/lib.es5.d.ts","/home/psq/.nvm/versions/node/v16.13.0/lib/node_modules/typescript/lib/lib.es2015.d.ts","/home/psq/.nvm/versions/node/v16.13.0/lib/node_modules/typescript/lib/lib.es2016.d.ts","/home/psq/.nvm/versions/node/v16.13.0/lib/node_modules/typescript/lib/lib.dom.d.ts","/home/psq/.nvm/versions/node/v16.13.0/lib/node_modules/typescript/lib/lib.dom.iterable.d.ts","/home/psq/.nvm/versions/node/v16.13.0/lib/node_modules/typescript/lib/lib.webworker.importscripts.d.ts","/home/psq/.nvm/versions/node/v16.13.0/lib/node_modules/typescript/lib/lib.scripthost.d.ts","/home/psq/.nvm/versions/node/v16.13.0/lib/node_modules/typescript/lib/lib.es2015.core.d.ts","/home/psq/.nvm/versions/node/v16.13.0/lib/node_modules/typescript/lib/lib.es2015.collection.d.ts","/home/psq/.nvm/versions/node/v16.13.0/lib/node_modules/typescript/lib/lib.es2015.generator.d.ts","/home/psq/.nvm/versions/node/v16.13.0/lib/node_modules/typescript/lib/lib.es2015.iterable.d.ts","/home/psq/.nvm/versions/node/v16.13.0/lib/node_modules/typescript/lib/lib.es2015.promise.d.ts","/home/psq/.nvm/versions/node/v16.13.0/lib/node_modules/typescript/lib/lib.es2015.proxy.d.ts","/home/psq/.nvm/versions/node/v16.13.0/lib/node_modules/typescript/lib/lib.es2015.reflect.d.ts","/home/psq/.nvm/versions/node/v16.13.0/lib/node_modules/typescript/lib/lib.es2015.symbol.d.ts","/home/psq/.nvm/versions/node/v16.13.0/lib/node_modules/typescript/lib/lib.es2015.symbol.wellknown.d.ts","/home/psq/.nvm/versions/node/v16.13.0/lib/node_modules/typescript/lib/lib.es2016.array.include.d.ts","/home/psq/.nvm/versions/node/v16.13.0/lib/node_modules/typescript/lib/lib.es2016.full.d.ts","/home/psq/jornada/test-qrcode-reader/qr-code-reader/node_modules/ngx-scanner-qrcode/lib/ngx-scanner-qrcode.component.d.ts"],"compilerOptions":{"module":1,"target":3,"jsx":1,"allowJs":true,"allowSyntheticDefaultImports":true,"allowNonTsExtensions":true,"noEmitForJsFiles":true},"typeAcquisition":{"enable":true,"include":[],"exclude":[]},"unresolvedImports":["@angular/core"],"projectRootPath":"/home/psq/jornada/test-qrcode-reader/qr-code-reader/node_modules/ngx-scanner-qrcode/lib","kind":"discover"}
[18:49:03.277] Explicitly included types: []
[18:49:03.278] Inferred typings from unresolved imports: ["@angular/core"]
[18:49:03.280] Result: {"cachedTypingPaths":[],"newTypingNames":["@angular/core"],"filesToWatch":["/home/psq/jornada/test-qrcode-reader/qr-code-reader/node_modules/ngx-scanner-qrcode/lib/bower_components","/home/psq/jornada/test-qrcode-reader/qr-code-reader/node_modules/ngx-scanner-qrcode/lib/node_modules"]}
[18:49:03.281] Finished typings discovery: {"cachedTypingPaths":[],"newTypingNames":["@angular/core"],"filesToWatch":["/home/psq/jornada/test-qrcode-reader/qr-code-reader/node_modules/ngx-scanner-qrcode/lib/bower_components","/home/psq/jornada/test-qrcode-reader/qr-code-reader/node_modules/ngx-scanner-qrcode/lib/node_modules"]}
[18:49:03.283] DirectoryWatcher:: Added:: WatchInfo: /home/psq/jornada/test-qrcode-reader/qr-code-reader/node_modules/ngx-scanner-qrcode/lib/bower_components
[18:49:03.284] DirectoryWatcher:: Added:: WatchInfo: /home/psq/jornada/test-qrcode-reader/qr-code-reader/node_modules/ngx-scanner-qrcode/lib/bower_components 1 undefined Project: /dev/null/inferredProject2* watcher already invoked: false
[18:49:03.289] Elapsed:: 2.6150709986686707ms DirectoryWatcher:: Added:: WatchInfo: /home/psq/jornada/test-qrcode-reader/qr-code-reader/node_modules/ngx-scanner-qrcode/lib/bower_components 1 undefined Project: /dev/null/inferredProject2* watcher already invoked: false
[18:49:03.291] DirectoryWatcher:: Added:: WatchInfo: /home/psq/jornada/test-qrcode-reader/qr-code-reader/node_modules/ngx-scanner-qrcode/lib/node_modules
[18:49:03.292] DirectoryWatcher:: Added:: WatchInfo: /home/psq/jornada/test-qrcode-reader/qr-code-reader/node_modules/ngx-scanner-qrcode/lib/node_modules 1 undefined Project: /dev/null/inferredProject2* watcher already invoked: false
[18:49:03.298] Elapsed:: 5.401398986577988ms DirectoryWatcher:: Added:: WatchInfo: /home/psq/jornada/test-qrcode-reader/qr-code-reader/node_modules/ngx-scanner-qrcode/lib/node_modules 1 undefined Project: /dev/null/inferredProject2* watcher already invoked: false
[18:49:03.308] Installing typings ["@angular/core"]
[18:49:03.321] '@angular/core':: Entry for package 'angular__core' does not exist in local types registry - skipping...
[18:49:03.322] All typings are known to be missing or invalid - no need to install more typings
[18:49:03.322] Sending response:
    {"projectName":"/dev/null/inferredProject2*","typeAcquisition":{"enable":true,"include":[],"exclude":[]},"compilerOptions":{"module":1,"target":3,"jsx":1,"allowJs":true,"allowSyntheticDefaultImports":true,"allowNonTsExtensions":true,"noEmitForJsFiles":true},"typings":[],"unresolvedImports":["@angular/core"],"kind":"action::set"}
[18:49:03.323] Response has been sent.
[18:49:03.358] Got install request {"projectName":"/dev/null/inferredProject3*","fileNames":["/home/psq/.nvm/versions/node/v16.13.0/lib/node_modules/typescript/lib/lib.es5.d.ts","/home/psq/.nvm/versions/node/v16.13.0/lib/node_modules/typescript/lib/lib.es2015.d.ts","/home/psq/.nvm/versions/node/v16.13.0/lib/node_modules/typescript/lib/lib.es2016.d.ts","/home/psq/.nvm/versions/node/v16.13.0/lib/node_modules/typescript/lib/lib.dom.d.ts","/home/psq/.nvm/versions/node/v16.13.0/lib/node_modules/typescript/lib/lib.dom.iterable.d.ts","/home/psq/.nvm/versions/node/v16.13.0/lib/node_modules/typescript/lib/lib.webworker.importscripts.d.ts","/home/psq/.nvm/versions/node/v16.13.0/lib/node_modules/typescript/lib/lib.scripthost.d.ts","/home/psq/.nvm/versions/node/v16.13.0/lib/node_modules/typescript/lib/lib.es2015.core.d.ts","/home/psq/.nvm/versions/node/v16.13.0/lib/node_modules/typescript/lib/lib.es2015.collection.d.ts","/home/psq/.nvm/versions/node/v16.13.0/lib/node_modules/typescript/lib/lib.es2015.generator.d.ts","/home/psq/.nvm/versions/node/v16.13.0/lib/node_modules/typescript/lib/lib.es2015.iterable.d.ts","/home/psq/.nvm/versions/node/v16.13.0/lib/node_modules/typescript/lib/lib.es2015.promise.d.ts","/home/psq/.nvm/versions/node/v16.13.0/lib/node_modules/typescript/lib/lib.es2015.proxy.d.ts","/home/psq/.nvm/versions/node/v16.13.0/lib/node_modules/typescript/lib/lib.es2015.reflect.d.ts","/home/psq/.nvm/versions/node/v16.13.0/lib/node_modules/typescript/lib/lib.es2015.symbol.d.ts","/home/psq/.nvm/versions/node/v16.13.0/lib/node_modules/typescript/lib/lib.es2015.symbol.wellknown.d.ts","/home/psq/.nvm/versions/node/v16.13.0/lib/node_modules/typescript/lib/lib.es2016.array.include.d.ts","/home/psq/.nvm/versions/node/v16.13.0/lib/node_modules/typescript/lib/lib.es2016.full.d.ts","/home/psq/jornada/test-qrcode-reader/qr-code-reader/node_modules/@angular/router/index.d.ts"],"compilerOptions":{"module":1,"target":3,"jsx":1,"allowJs":true,"allowSyntheticDefaultImports":true,"allowNonTsExtensions":true,"noEmitForJsFiles":true},"typeAcquisition":{"enable":true,"include":[],"exclude":[]},"unresolvedImports":["@angular/common","@angular/core","@angular/platform-browser"],"projectRootPath":"/home/psq/jornada/test-qrcode-reader/qr-code-reader/node_modules/@angular/router","kind":"discover"}
[18:49:03.359] Explicitly included types: []
[18:49:03.363] Inferred typings from unresolved imports: ["@angular/common","@angular/core","@angular/platform-browser"]
[18:49:03.364] Result: {"cachedTypingPaths":[],"newTypingNames":["@angular/common","@angular/core","@angular/platform-browser"],"filesToWatch":["/home/psq/jornada/test-qrcode-reader/qr-code-reader/node_modules/@angular/router/bower_components","/home/psq/jornada/test-qrcode-reader/qr-code-reader/node_modules/@angular/router/node_modules"]}
[18:49:03.365] Finished typings discovery: {"cachedTypingPaths":[],"newTypingNames":["@angular/common","@angular/core","@angular/platform-browser"],"filesToWatch":["/home/psq/jornada/test-qrcode-reader/qr-code-reader/node_modules/@angular/router/bower_components","/home/psq/jornada/test-qrcode-reader/qr-code-reader/node_modules/@angular/router/node_modules"]}
[18:49:03.365] DirectoryWatcher:: Added:: WatchInfo: /home/psq/jornada/test-qrcode-reader/qr-code-reader/node_modules/@angular/router/bower_components
[18:49:03.366] DirectoryWatcher:: Added:: WatchInfo: /home/psq/jornada/test-qrcode-reader/qr-code-reader/node_modules/@angular/router/bower_components 1 undefined Project: /dev/null/inferredProject3* watcher already invoked: false
[18:49:03.367] Elapsed:: 0.7439830005168915ms DirectoryWatcher:: Added:: WatchInfo: /home/psq/jornada/test-qrcode-reader/qr-code-reader/node_modules/@angular/router/bower_components 1 undefined Project: /dev/null/inferredProject3* watcher already invoked: false
[18:49:03.367] DirectoryWatcher:: Added:: WatchInfo: /home/psq/jornada/test-qrcode-reader/qr-code-reader/node_modules/@angular/router/node_modules
[18:49:03.368] DirectoryWatcher:: Added:: WatchInfo: /home/psq/jornada/test-qrcode-reader/qr-code-reader/node_modules/@angular/router/node_modules 1 undefined Project: /dev/null/inferredProject3* watcher already invoked: false
[18:49:03.369] Elapsed:: 0.5721279978752136ms DirectoryWatcher:: Added:: WatchInfo: /home/psq/jornada/test-qrcode-reader/qr-code-reader/node_modules/@angular/router/node_modules 1 undefined Project: /dev/null/inferredProject3* watcher already invoked: false
[18:49:03.369] Installing typings ["@angular/common","@angular/core","@angular/platform-browser"]
[18:49:03.370] '@angular/common':: Entry for package 'angular__common' does not exist in local types registry - skipping...
[18:49:03.370] '@angular/core':: Entry for package 'angular__core' does not exist in local types registry - skipping...
[18:49:03.370] '@angular/platform-browser':: Entry for package 'angular__platform-browser' does not exist in local types registry - skipping...
[18:49:03.371] All typings are known to be missing or invalid - no need to install more typings
[18:49:03.371] Sending response:
    {"projectName":"/dev/null/inferredProject3*","typeAcquisition":{"enable":true,"include":[],"exclude":[]},"compilerOptions":{"module":1,"target":3,"jsx":1,"allowJs":true,"allowSyntheticDefaultImports":true,"allowNonTsExtensions":true,"noEmitForJsFiles":true},"typings":[],"unresolvedImports":["@angular/common","@angular/core","@angular/platform-browser"],"kind":"action::set"}
[18:49:03.371] Response has been sent.
